<?xml version="1.0" encoding="UTF-8"?>
<!-- Generated by org.testng.reporters.JUnitReportReporter -->
<testsuite hostname="CNI-L-LPT21116" failures="0" tests="1" name="tests.DeleteLead" time="58.410" errors="0" timestamp="16 Jun 2018 05:40:58 GMT" skipped="0">
  <testcase classname="tests.DeleteLead" name="main" time="58.410"/>
</testsuite> <!-- tests.DeleteLead -->
