<?xml version="1.0" encoding="UTF-8"?>
<!-- Generated by org.testng.reporters.JUnitReportReporter -->
<testsuite hostname="CNI-L-LPT21116" failures="0" tests="1" name="tests.EditLead" time="53.550" errors="0" timestamp="16 Jun 2018 05:11:21 GMT" skipped="0">
  <testcase classname="tests.EditLead" name="main" time="53.550"/>
</testsuite> <!-- tests.EditLead -->
