<?xml version="1.0" encoding="UTF-8"?>
<!-- Generated by org.testng.reporters.JUnitReportReporter -->
<testsuite hostname="CNI-L-LPT21116" failures="0" tests="1" name="tests.AccountCreation" time="63.948" errors="0" timestamp="17 Jun 2018 10:25:28 GMT" skipped="0">
  <testcase classname="tests.AccountCreation" name="main" time="63.948"/>
</testsuite> <!-- tests.AccountCreation -->
