<?xml version="1.0" encoding="UTF-8"?>
<!-- Generated by org.testng.reporters.JUnitReportReporter -->
<testsuite hostname="CNI-L-LPT21116" failures="0" tests="1" name="tests.FlipKart" time="20.926" errors="0" timestamp="26 Jun 2018 11:05:35 GMT" skipped="0">
  <testcase classname="tests.FlipKart" name="main" time="20.926"/>
</testsuite> <!-- tests.FlipKart -->
