<?xml version="1.0" encoding="UTF-8"?>
<!-- Generated by org.testng.reporters.JUnitReportReporter -->
<testsuite hostname="CNI-L-LPT21116" failures="0" tests="1" name="tests.CreateLead" time="32.108" errors="0" timestamp="16 Jun 2018 11:37:01 GMT" skipped="0">
  <testcase classname="tests.CreateLead" name="createLead" time="32.108"/>
</testsuite> <!-- tests.CreateLead -->
