<?xml version="1.0" encoding="UTF-8"?>
<!-- Generated by org.testng.reporters.JUnitReportReporter -->
<testsuite hostname="CNI-L-LPT21116" failures="0" tests="1" name="tests.DuplicateLead" time="50.505" errors="0" timestamp="16 Jun 2018 06:52:32 GMT" skipped="0">
  <testcase classname="tests.DuplicateLead" name="main" time="50.505"/>
</testsuite> <!-- tests.DuplicateLead -->
